<?xml version="1.0" encoding="UTF-8"?>
<testng-results skipped="0" failed="0" ignored="0" total="1" passed="1">
  <reporter-output>
  </reporter-output>
  <suite name="Default suite" duration-ms="10766" started-at="2021-10-03T18:21:42Z" finished-at="2021-10-03T18:21:53Z">
    <groups>
    </groups>
    <test name="Default test" duration-ms="10766" started-at="2021-10-03T18:21:42Z" finished-at="2021-10-03T18:21:53Z">
      <class name="test.AddContactTest">
        <test-method status="PASS" signature="validUserShouldBeAbleToAddCustomer()[pri:0, instance:test.AddContactTest@2a5ca609]" name="validUserShouldBeAbleToAddCustomer" duration-ms="10710" started-at="2021-10-03T18:21:42Z" finished-at="2021-10-03T18:21:53Z">
          <reporter-output>
          </reporter-output>
        </test-method> <!-- validUserShouldBeAbleToAddCustomer -->
      </class> <!-- test.AddContactTest -->
    </test> <!-- Default test -->
  </suite> <!-- Default suite -->
</testng-results>
